[14:11:37.779][INFO][CraftTweaker-EarlyInit]: CraftTweaker is running on a Minecraft 1.21.1 production server modded with platform Fabric
[14:11:37.785][INFO][CraftTweaker-EarlyInit]: Successfully injected RecipeFS file system
[14:11:41.339][INFO][CraftTweaker-Plugins]: Successfully identified and loaded plugin farmersdelight:crafttweaker_plugin
[14:11:41.340][INFO][CraftTweaker-Plugins]: Successfully identified and loaded plugin crafttweaker:fabric
[14:11:41.345][INFO][CraftTweaker-Plugins]: Successfully identified and loaded plugin crafttweaker:compatibility
[14:11:41.346][INFO][CraftTweaker-Plugins]: Successfully identified and loaded plugin crafttweaker:common
[14:11:41.642][INFO][CraftTweaker]: The following mods have explicit CraftTweaker support, provided through the CraftTweaker compatibility plugin:
[14:11:41.644][INFO][CraftTweaker]: - 'crafttweaker' version '21.0.35'
[14:11:41.644][INFO][CraftTweaker]: - 'farmersdelight' version '1.21.1-3.2.2+refabricated'
[14:11:41.900][INFO][CraftTweaker-ZenCode]: Started loading scripts for loader 'initialize'
[14:11:42.158][INFO][CraftTweaker-ZenCode]: Compiling and executing scripts
[14:11:42.183][INFO][CraftTweaker-ZenCode]: Successfully initialized modules [crafttweaker, expansions]
[14:11:42.263][INFO][CraftTweaker-ZenCode]: Execution for loader 'initialize' completed successfully
[14:11:50.281][INFO][CraftTweaker-ZenCode]: Started loading scripts for loader 'tags'
[14:11:50.304][INFO][CraftTweaker-ZenCode]: Compiling and executing scripts
[14:11:50.317][INFO][CraftTweaker-ZenCode]: Successfully initialized modules [crafttweaker, expansions]
[14:11:50.327][INFO][CraftTweaker-ZenCode]: Execution for loader 'tags' completed successfully
[14:11:50.945][INFO][CraftTweaker]: CraftTweaker reload starting!
[14:11:50.953][INFO][CraftTweaker-ZenCode]: Started loading scripts for loader 'crafttweaker'
[14:11:50.988][INFO][CraftTweaker-ZenCode]: Compiling and executing scripts
[14:11:51.461][INFO][CraftTweaker-ZenCode]: Successfully initialized modules [mods, vanilla/api/network/NetworkContext, vanilla/api/network/NetworkReceiver, crafttweaker, expansions]
[14:11:51.464][INFO][CraftTweaker-ZenCode]: Loading file 'farmers_delight.zs' with priority 0
[14:11:51.515][INFO][CraftTweaker]: Removing Villager trade for Profession: 'cleric' and Level: '1'
[14:11:51.515][INFO][CraftTweaker]: Adding Villager trade for Profession: 'cleric' and Level: '1'
[14:11:51.516][INFO][CraftTweaker]: Adding Villager trade for Profession: 'cleric' and Level: '1'
[14:11:51.516][INFO][CraftTweaker]: Adding Villager trade for Profession: 'cleric' and Level: '1'
[14:11:51.516][INFO][CraftTweaker]: Removing Villager trade for Profession: 'village_taverns:bartender' and Level: '1'
[14:11:51.516][INFO][CraftTweaker]: Adding Villager trade for Profession: 'village_taverns:bartender' and Level: '1'
[14:11:51.516][INFO][CraftTweaker]: Adding Villager trade for Profession: 'village_taverns:bartender' and Level: '1'
[14:11:51.516][INFO][CraftTweaker]: Adding Villager trade for Profession: 'village_taverns:bartender' and Level: '1'
[14:11:51.516][INFO][CraftTweaker]: Adding Villager trade for Profession: 'village_taverns:bartender' and Level: '1'
[14:11:51.516][INFO][CraftTweaker]: Adding Villager trade for Profession: 'village_taverns:bartender' and Level: '1'
[14:11:51.517][INFO][CraftTweaker]: Adding Villager trade for Profession: 'village_taverns:bartender' and Level: '1'
[14:11:51.517][INFO][CraftTweaker]: Adding Villager trade for Profession: 'village_taverns:bartender' and Level: '1'
[14:11:51.517][INFO][CraftTweaker]: Adding Villager trade for Profession: 'village_taverns:bartender' and Level: '1'
[14:11:51.517][INFO][CraftTweaker]: Adding Villager trade for Profession: 'village_taverns:bartender' and Level: '1'
[14:11:51.517][INFO][CraftTweaker]: Adding Villager trade for Profession: 'village_taverns:bartender' and Level: '2'
[14:11:51.517][INFO][CraftTweaker]: Adding Villager trade for Profession: 'village_taverns:bartender' and Level: '2'
[14:11:51.517][INFO][CraftTweaker]: Adding Villager trade for Profession: 'village_taverns:bartender' and Level: '2'
[14:11:51.517][INFO][CraftTweaker]: Adding Villager trade for Profession: 'village_taverns:bartender' and Level: '3'
[14:11:51.517][INFO][CraftTweaker]: Adding Villager trade for Profession: 'village_taverns:bartender' and Level: '3'
[14:11:51.517][INFO][CraftTweaker]: Adding Villager trade for Profession: 'village_taverns:bartender' and Level: '3'
[14:11:51.517][INFO][CraftTweaker]: Adding Villager trade for Profession: 'village_taverns:bartender' and Level: '3'
[14:11:51.517][INFO][CraftTweaker]: Adding Villager trade for Profession: 'village_taverns:bartender' and Level: '3'
[14:11:51.517][INFO][CraftTweaker]: Adding Villager trade for Profession: 'village_taverns:bartender' and Level: '3'
[14:11:51.518][INFO][CraftTweaker]: Adding Villager trade for Profession: 'village_taverns:bartender' and Level: '4'
[14:11:51.518][INFO][CraftTweaker]: Adding Villager trade for Profession: 'village_taverns:bartender' and Level: '4'
[14:11:51.518][INFO][CraftTweaker]: Adding Villager trade for Profession: 'village_taverns:bartender' and Level: '5'
[14:11:51.527][INFO][CraftTweaker]: Setting the value of 'minecraft:food' to 'class_4174[nutrition=10, saturation=17.0, canAlwaysEat=false, eatSeconds=1.0, usingConvertsTo=Optional.empty, effects=[class_9423[effect=effect.farmersdelight.comfort, Duration: 3600, Particles: false, probability=1.0], class_9423[effect=effect.minecraft.strength, Duration: 3600, Particles: false, probability=1.0]]]' on item '<item:farmersdelight:beef_stew>.definition'
[14:11:51.528][INFO][CraftTweaker]: Setting the value of 'minecraft:food' to 'class_4174[nutrition=12, saturation=19.0, canAlwaysEat=false, eatSeconds=1.0, usingConvertsTo=Optional.empty, effects=[class_9423[effect=effect.farmersdelight.nourishment, Duration: 6000, Particles: false, probability=1.0], class_9423[effect=effect.minecraft.strength x 2, Duration: 3600, Particles: false, probability=1.0]]]' on item '<item:farmersdelight:steak_and_potatoes>.definition'
[14:11:51.529][INFO][CraftTweaker]: Setting the value of 'minecraft:food' to 'class_4174[nutrition=12, saturation=19.0, canAlwaysEat=false, eatSeconds=1.0, usingConvertsTo=Optional.empty, effects=[class_9423[effect=effect.farmersdelight.nourishment, Duration: 2400, Particles: false, probability=1.0], class_9423[effect=effect.critical_strike.chance, Duration: 3600, Particles: false, probability=1.0]]]' on item '<item:mynethersdelight:plate_of_stuffed_hoglin_ham>.definition'
[14:11:51.529][INFO][CraftTweaker]: Setting the value of 'minecraft:food' to 'class_4174[nutrition=12, saturation=19.0, canAlwaysEat=false, eatSeconds=1.0, usingConvertsTo=Optional.empty, effects=[class_9423[effect=effect.farmersdelight.nourishment, Duration: 6000, Particles: false, probability=1.0], class_9423[effect=effect.ranged_weapon.haste, Duration: 3600, Particles: false, probability=1.0]]]' on item '<item:farmersdelight:roast_chicken>.definition'
[14:11:51.529][INFO][CraftTweaker]: Setting the value of 'minecraft:food' to 'class_4174[nutrition=14, saturation=22.0, canAlwaysEat=false, eatSeconds=1.0, usingConvertsTo=Optional.empty, effects=[class_9423[effect=effect.farmersdelight.nourishment, Duration: 6000, Particles: false, probability=1.0], class_9423[effect=effect.ranged_weapon.damage x 2, Duration: 3600, Particles: false, probability=1.0]]]' on item '<item:farmersdelight:shepherds_pie>.definition'
[14:11:51.529][INFO][CraftTweaker]: Setting the value of 'minecraft:food' to 'class_4174[nutrition=12, saturation=19.0, canAlwaysEat=false, eatSeconds=1.0, usingConvertsTo=Optional.empty, effects=[class_9423[effect=effect.farmersdelight.comfort, Duration: 2400, Particles: false, probability=1.0], class_9423[effect=effect.spell_power.fire, Duration: 3600, Particles: false, probability=1.0]]]' on item '<item:mynethersdelight:spicy_hoglin_stew>.definition'
[14:11:51.529][INFO][CraftTweaker]: Setting the value of 'minecraft:food' to 'class_4174[nutrition=14, saturation=22.0, canAlwaysEat=false, eatSeconds=1.0, usingConvertsTo=Optional.empty, effects=[class_9423[effect=effect.farmersdelight.comfort, Duration: 6000, Particles: false, probability=1.0], class_9423[effect=effect.spell_power.fire, Duration: 3600, Particles: false, probability=1.0]]]' on item '<item:brewinandchewin:fiery_fondue>.definition'
[14:11:51.529][INFO][CraftTweaker]: Setting the value of 'minecraft:food' to 'class_4174[nutrition=14, saturation=22.0, canAlwaysEat=false, eatSeconds=1.0, usingConvertsTo=Optional.empty, effects=[class_9423[effect=effect.farmersdelight.nourishment, Duration: 3000, Particles: false, probability=1.0], class_9423[effect=effect.spell_power.fire x 2, Duration: 3600, Particles: false, probability=1.0]]]' on item '<item:mynethersdelight:spicy_curry>.definition'
[14:11:51.529][INFO][CraftTweaker]: Setting the value of 'minecraft:food' to 'class_4174[nutrition=8, saturation=17.0, canAlwaysEat=false, eatSeconds=1.0, usingConvertsTo=Optional.empty, effects=[class_9423[effect=effect.farmersdelight.nourishment, Duration: 1200, Particles: false, probability=1.0], class_9423[effect=effect.spell_power.arcane, Duration: 3600, Particles: false, probability=1.0]]]' on item '<item:mynethersdelight:plate_of_ghasta_with_cream>.definition'
[14:11:51.530][INFO][CraftTweaker]: Setting the value of 'minecraft:food' to 'class_4174[nutrition=9, saturation=15.0, canAlwaysEat=false, eatSeconds=1.0, usingConvertsTo=Optional.empty, effects=[class_9423[effect=effect.minecraft.nausea, Duration: 300, Particles: false, probability=1.0], class_9423[effect=effect.farmersdelight.nourishment, Duration: 1200, Particles: false, probability=1.0], class_9423[effect=effect.spell_power.arcane x 2, Duration: 6000, Particles: false, probability=1.0]]]' on item '<item:mynethersdelight:blue_tenderloin_steak>.definition'
[14:11:51.530][INFO][CraftTweaker]: Setting the value of 'minecraft:food' to 'class_4174[nutrition=10, saturation=17.0, canAlwaysEat=false, eatSeconds=1.0, usingConvertsTo=Optional.empty, effects=[class_9423[effect=effect.farmersdelight.comfort, Duration: 3600, Particles: false, probability=1.0], class_9423[effect=effect.spell_power.frost, Duration: 3600, Particles: false, probability=1.0]]]' on item '<item:farmersdelight:fish_stew>.definition'
[14:11:51.530][INFO][CraftTweaker]: Setting the value of 'minecraft:food' to 'class_4174[nutrition=14, saturation=22.0, canAlwaysEat=false, eatSeconds=1.0, usingConvertsTo=Optional.empty, effects=[class_9423[effect=effect.farmersdelight.nourishment, Duration: 6000, Particles: false, probability=1.0], class_9423[effect=effect.spell_power.frost x 2, Duration: 3600, Particles: false, probability=1.0]]]' on item '<item:farmersdelight:squid_ink_pasta>.definition'
[14:11:51.530][INFO][CraftTweaker]: Setting the value of 'minecraft:food' to 'class_4174[nutrition=6, saturation=7.0, canAlwaysEat=false, eatSeconds=1.0, usingConvertsTo=Optional.empty, effects=[class_9423[effect=effect.minecraft.regeneration, Duration: 100, Particles: false, probability=1.0], class_9423[effect=effect.spell_power.healing, Duration: 3600, Particles: false, probability=1.0]]]' on item '<item:farmersdelight:fruit_salad>.definition'
[14:11:51.530][INFO][CraftTweaker]: Setting the value of 'minecraft:food' to 'class_4174[nutrition=6, saturation=7.0, canAlwaysEat=false, eatSeconds=1.0, usingConvertsTo=Optional.empty, effects=[class_9423[effect=effect.minecraft.regeneration, Duration: 100, Particles: false, probability=1.0], class_9423[effect=effect.spell_power.healing, Duration: 3600, Particles: false, probability=1.0]]]' on item '<item:farmersdelight:mixed_salad>.definition'
[14:11:51.530][INFO][CraftTweaker]: Setting the value of 'minecraft:food' to 'class_4174[nutrition=14, saturation=22.0, canAlwaysEat=false, eatSeconds=1.0, usingConvertsTo=Optional.empty, effects=[class_9423[effect=effect.farmersdelight.nourishment, Duration: 3600, Particles: false, probability=1.0], class_9423[effect=effect.spell_power.healing x 2, Duration: 3600, Particles: false, probability=1.0]]]' on item '<item:farmersdelight:grilled_salmon>.definition'
[14:11:51.530][INFO][CraftTweaker]: Setting the value of 'minecraft:food' to 'class_4174[nutrition=10, saturation=17.0, canAlwaysEat=false, eatSeconds=1.0, usingConvertsTo=Optional.empty, effects=[class_9423[effect=effect.farmersdelight.nourishment, Duration: 3600, Particles: false, probability=1.0], class_9423[effect=effect.spell_power.critical_chance, Duration: 3600, Particles: false, probability=1.0]]]' on item '<item:farmersdelight:mushroom_rice>.definition'
[14:11:51.530][INFO][CraftTweaker]: Setting the value of 'minecraft:food' to 'class_4174[nutrition=10, saturation=17.0, canAlwaysEat=false, eatSeconds=1.0, usingConvertsTo=Optional.empty, effects=[class_9423[effect=effect.farmersdelight.comfort, Duration: 6000, Particles: false, probability=1.0], class_9423[effect=effect.spell_power.haste, Duration: 3600, Particles: false, probability=1.0]]]' on item '<item:farmersdelight:pumpkin_soup>.definition'
[14:11:51.531][INFO][CraftTweaker]: Setting the value of 'minecraft:food' to 'class_4174[nutrition=14, saturation=11.0, canAlwaysEat=false, eatSeconds=1.0, usingConvertsTo=Optional.empty, effects=[class_9423[effect=effect.farmersdelight.nourishment, Duration: 6000, Particles: false, probability=1.0], class_9423[effect=effect.spell_power.haste x 2, Duration: 3600, Particles: false, probability=1.0]]]' on item '<item:farmersdelight:honey_glazed_ham>.definition'
[14:11:51.531][INFO][CraftTweaker]: Setting the value of 'minecraft:food' to 'class_4174[nutrition=12, saturation=11.0, canAlwaysEat=false, eatSeconds=1.0, usingConvertsTo=Optional.empty, effects=[class_9423[effect=effect.farmersdelight.nourishment, Duration: 2400, Particles: false, probability=1.0], class_9423[effect=effect.spell_power.critical_chance x 2, Duration: 3600, Particles: false, probability=1.0]]]' on item '<item:mynethersdelight:fried_hoglin_chop>.definition'
[14:11:51.534][INFO][CraftTweaker]: Setting the value of 'minecraft:food' to 'class_4174[nutrition=0, saturation=0.0, canAlwaysEat=false, eatSeconds=1.0, usingConvertsTo=Optional[1 brewinandchewin:tankard], effects=[class_9423[effect=effect.brewinandchewin.tipsy x 3, Duration: 2400, probability=1.0], class_9423[effect=effect.brewinandchewin.intoxication, Duration: 1800, probability=1.0], class_9423[effect=effect.spell_power.fire x 2, Duration: 1200, probability=1.0]]]' on item '<item:brewinandchewin:red_rum>.definition'
[14:11:51.534][INFO][CraftTweaker]: Setting the value of 'minecraft:food' to 'class_4174[nutrition=0, saturation=0.0, canAlwaysEat=false, eatSeconds=1.0, usingConvertsTo=Optional[1 brewinandchewin:tankard], effects=[class_9423[effect=effect.brewinandchewin.tipsy, Duration: 3600, probability=1.0], class_9423[effect=effect.brewinandchewin.intoxication, Duration: 3000, probability=1.0], class_9423[effect=effect.spell_power.healing x 2, Duration: 1200, probability=1.0]]]' on item '<item:brewinandchewin:pale_jane>.definition'
[14:11:51.534][INFO][CraftTweaker]: Setting the value of 'minecraft:food' to 'class_4174[nutrition=0, saturation=0.0, canAlwaysEat=false, eatSeconds=1.0, usingConvertsTo=Optional[1 brewinandchewin:tankard], effects=[class_9423[effect=effect.brewinandchewin.tipsy, Duration: 2400, probability=1.0], class_9423[effect=effect.brewinandchewin.intoxication, Duration: 1800, probability=1.0], class_9423[effect=effect.minecraft.night_vision, Duration: 600, probability=1.0], class_9423[effect=effect.spell_power.arcane x 2, Duration: 1200, probability=1.0]]]' on item '<item:brewinandchewin:glittering_grenadine>.definition'
[14:11:51.535][INFO][CraftTweaker]: Setting the value of 'minecraft:food' to 'class_4174[nutrition=0, saturation=0.0, canAlwaysEat=false, eatSeconds=1.0, usingConvertsTo=Optional[1 brewinandchewin:tankard], effects=[class_9423[effect=effect.brewinandchewin.tipsy x 2, Duration: 3600, probability=1.0], class_9423[effect=effect.brewinandchewin.intoxication, Duration: 3000, probability=1.0], class_9423[effect=effect.minecraft.water_breathing, Duration: 1800, probability=1.0], class_9423[effect=effect.spell_power.frost x 2, Duration: 1200, probability=1.0]]]' on item '<item:brewinandchewin:salty_folly>.definition'
[14:11:51.535][INFO][CraftTweaker]: Setting the value of 'minecraft:food' to 'class_4174[nutrition=0, saturation=0.0, canAlwaysEat=false, eatSeconds=1.0, usingConvertsTo=Optional[1 brewinandchewin:tankard], effects=[class_9423[effect=effect.brewinandchewin.tipsy, Duration: 3600, probability=1.0], class_9423[effect=effect.brewinandchewin.intoxication, Duration: 3000, probability=1.0], class_9423[effect=effect.spell_power.critical_damage x 2, Duration: 1200, probability=1.0]]]' on item '<item:brewinandchewin:vodka>.definition'
[14:11:51.535][INFO][CraftTweaker]: Setting the value of 'minecraft:food' to 'class_4174[nutrition=0, saturation=0.0, canAlwaysEat=false, eatSeconds=1.0, usingConvertsTo=Optional[1 brewinandchewin:tankard], effects=[class_9423[effect=effect.brewinandchewin.tipsy, Duration: 2400, probability=2.0], class_9423[effect=effect.brewinandchewin.intoxication, Duration: 1800, probability=1.0], class_9423[effect=effect.minecraft.resistance, Duration: 1200, probability=1.0]]]' on item '<item:brewinandchewin:steel_toe_stout>.definition'
[14:11:51.535][INFO][CraftTweaker]: Setting the value of 'minecraft:food' to 'class_4174[nutrition=0, saturation=0.0, canAlwaysEat=false, eatSeconds=1.0, usingConvertsTo=Optional[1 brewinandchewin:tankard], effects=[class_9423[effect=effect.brewinandchewin.tipsy, Duration: 2400, probability=2.0], class_9423[effect=effect.brewinandchewin.intoxication, Duration: 1800, probability=1.0], class_9423[effect=effect.minecraft.strength, Duration: 1200, probability=1.0]]]' on item '<item:brewinandchewin:beer>.definition'
[14:11:51.535][INFO][CraftTweaker]: Setting the value of 'minecraft:food' to 'class_4174[nutrition=0, saturation=0.0, canAlwaysEat=false, eatSeconds=1.0, usingConvertsTo=Optional[1 brewinandchewin:tankard], effects=[class_9423[effect=effect.brewinandchewin.tipsy x 3, Duration: 3600, probability=2.0], class_9423[effect=effect.brewinandchewin.intoxication, Duration: 3000, probability=1.0], class_9423[effect=effect.minecraft.blindness, Duration: 200, probability=1.0], class_9423[effect=effect.minecraft.weakness, Duration: 3000, probability=1.0], class_9423[effect=effect.minecraft.slowness, Duration: 3000, probability=1.0], class_9423[effect=effect.minecraft.wither, Duration: 1200, probability=1.0], class_9423[effect=effect.spell_power.critical_chance x 5, Duration: 1200, probability=1.0]]]' on item '<item:brewinandchewin:withering_dross>.definition'
[14:11:51.535][INFO][CraftTweaker]: Setting the value of 'minecraft:food' to 'class_4174[nutrition=0, saturation=0.0, canAlwaysEat=false, eatSeconds=1.0, usingConvertsTo=Optional[1 brewinandchewin:tankard], effects=[class_9423[effect=effect.brewinandchewin.tipsy x 2, Duration: 3600, probability=2.0], class_9423[effect=effect.brewinandchewin.intoxication, Duration: 2400, probability=1.0], class_9423[effect=effect.brewinandchewin.sweet_heart, Duration: 3600, probability=1.0], class_9423[effect=effect.ranged_weapon.damage x 2, Duration: 1200, probability=1.0]]]' on item '<item:brewinandchewin:saccharine_rum>.definition'
[14:11:51.536][INFO][CraftTweaker-ZenCode]: Execution for loader 'crafttweaker' completed successfully
[14:11:51.538][INFO][CraftTweaker]: CraftTweaker reload complete!
[14:11:51.538][INFO][CraftTweaker]: This reload was made possible by Spencer Gilbert and more! Become a patron at https://patreon.com/jaredlll08?s=crtmod
